----------stdout----------
" 3>   meta_datetime  ... scores_90_weird_metric\n 3> 0   08-03 21:48  ...                      5\n 3> \n 3> [1 rows x 219 columns]\n 3> multiprocessing.pool.RemoteTraceback: \n 3> \"\"\"\n 3> Traceback (most recent call last):\n 3>   File \"/usr/local/lib/python3.7/multiprocessing/pool.py\", line 121, in worker\n 3>     result = (True, func(*args, **kwds))\n 3>   File \"/usr/local/lib/python3.7/multiprocessing/pool.py\", line 44, in mapstar\n 3>     return list(map(*args))\n 3>   File \"/usr/local/lib/python3.7/site-packages/evolutionary_search/cv.py\", line 104, in _evalFunction\n 3>     error_score=error_score)[0]\n 3>   File \"/usr/local/lib/python3.7/site-packages/sklearn/model_selection/_validation.py\", line 531, in _fit_and_score\n 3>     estimator.fit(X_train, y_train, **fit_params)\n 3>   File \"/job/HyperParamsOpti.py\", line 90, in fit\n 3>     self._model_.learn()\n 3>   File \"/job/CuteNet.py\", line 256, in learn\n 3>     self.eval()\n 3>   File \"/job/CuteNet.py\", line 332, in eval\n 3>     self.save()\n 3>   File \"/job/CuteNet.py\", line 409, in save\n 3>     with open(name + \".json\", \"w+\") as f:\n 3> FileNotFoundError: [Errno 2] No such file or directory: 'model_cache/399Points_198.11WinRatio_120Episodes_08-03 20:59.json'\n 3> \"\"\"\n 3> \n 3> The above exception was the direct cause of the following exception:\n 3> \n 3> Traceback (most recent call last):\n 3>   File \"Genetic_HP_Opti.py\", line 30, in <module>\n 3>     ret = cv.fit(X, y)\n 3>   File \"/usr/local/lib/python3.7/site-packages/evolutionary_search/cv.py\", line 364, in fit\n 3>     self._fit(X, y, possible_params)\n 3>   File \"/usr/local/lib/python3.7/site-packages/evolutionary_search/cv.py\", line 454, in _fit\n 3>     halloffame=hof, verbose=self.verbose)\n 3>   File \"/usr/local/lib/python3.7/site-packages/deap/algorithms.py\", line 150, in eaSimple\n 3>     fitnesses = toolbox.map(toolbox.evaluate, invalid_ind)\n 3>   File \"/usr/local/lib/python3.7/multiprocessing/pool.py\", line 268, in map\n 3>     return self._map_async(func, iterable, mapstar, chunksize).get()\n 3>   File \"/usr/local/lib/python3.7/multiprocessing/pool.py\", line 657, in get\n 3>     raise self._value\n 3> FileNotFoundError: [Errno 2] No such file or directory: 'model_cache/399Points_198.11WinRatio_120Episodes_08-03 20:59.json'"
--------------------------

